Mono path[0] = 'C:/Users/user/AppData/Local/Temp/icebreaker-qa03-20260723-01/Builds/StandaloneWindows64/ICEBREAKER_Data/Managed'
Mono config path = 'C:/Users/user/AppData/Local/Temp/icebreaker-qa03-20260723-01/Builds/StandaloneWindows64/MonoBleedingEdge/etc'
Input System module state changed to: Initialized.
[Physics::Module] Initialized fallback backend.
[Physics::Module] Id: 0xdecafbad
Initialize engine version: 6000.3.19f1 (7689f4515d75)
[Subsystems] Discovering subsystems at path C:/Users/user/AppData/Local/Temp/icebreaker-qa03-20260723-01/Builds/StandaloneWindows64/ICEBREAKER_Data/UnitySubsystems
GfxDevice: creating device client; kGfxThreadingModeClientWorkerJobs
Direct3D:
    Version:  Direct3D 11.0 [level 11.1]
    Renderer: NVIDIA GeForce RTX 4050 Laptop GPU (ID=0x28e1)
    Vendor:   NVIDIA
    VRAM:     5920 MB
    Driver:   32.0.15.9166
Begin MonoManager ReloadAssembly
- Loaded All Assemblies, in  0.139 seconds
- Finished resetting the current domain, in  0.003 seconds
[Physics::Module] Selected backend.
[Physics::Module] Name: PhysX
[Physics::Module] Id: 0xf2b8ea05
[Physics::Module] SDK Version: 4.1.2
[Physics::Module] Integration Version: 1.0.0
[Physics::Module] Threading Mode: Multi-Threaded
<RI> Initializing input.
Using Windows.Gaming.Input
UnloadTime: 0.663300 ms
[INT-02] demo loop wired: state -> gameplay -> UI -> settlement -> save.
[WIN-00] UniWindowController plugin path active: Native window attached in 0.33s.
